<?xml version="1.0" encoding="UTF-8"?>
<testsuite xmlns:xsi="http://www.w3.org/2001/XMLSchema-instance" xsi:noNamespaceSchemaLocation="https://maven.apache.org/surefire/maven-surefire-plugin/xsd/surefire-test-report-3.0.xsd" version="3.0" name="org.example.CatalogoTest" time="3.07" tests="5" errors="0" skipped="0" failures="0">
  <properties>
[...]
</properties>
  <testcase name="testMostrarCatalogo" classname="org.example.CatalogoTest" time="0.025"/>
  <testcase name="testIngresarID" classname="org.example.CatalogoTest" time="0.006">
    <system-out><![CDATA[La ID ya está guardada en el catálogo
]]></system-out>
  </testcase>
  <testcase name="testConseguirJuegos" classname="org.example.CatalogoTest" time="2.18">
    <system-out><![CDATA[Se añadió el juego 'D/Generation HD' al catálogo
Se añadió el juego 'Extreme Exorcism' al catálogo
]]></system-out>
  </testcase>
  <testcase name="testIngresarJuego" classname="org.example.CatalogoTest" time="0.005"/>
  <testcase name="testConseguirIDs" classname="org.example.CatalogoTest" time="0.815">
    <system-out><![CDATA[IDs conseguidas
]]></system-out>
  </testcase>
</testsuite>